
============================================================ [ New Session ] ============================================================


[Apr 11, 2023 22:19:31] ~ $ [INFO     ] zalando_de/scrape/main.py : Initiate the scraper object.

[Apr 11, 2023 22:19:38] ~ $ [INFO     ] zalando_de/scrape/main.py : Processing new page =================================================


[Apr 11, 2023 22:19:38] ~ $ [INFO     ] zalando_de/scrape/main.py : Searching page's articles ...

[Apr 11, 2023 22:19:38] ~ $ [INFO     ] zalando_de/scrape/main.py : The link ( https://en.zalando.de/outfits/556Mi0f-SxK/ ) is an alien link.
[Apr 11, 2023 22:19:39] ~ $ [INFO     ] zalando_de/scrape/main.py : The link ( https://en.zalando.de/campaigns/gant-icons-ss-23/?_rfl=de ) is an alien link.
[Apr 11, 2023 22:19:39] ~ $ [INFO     ] zalando_de/scrape/main.py : The link ( https://en.zalando.de/outfits/7IUvB_ScTeS/ ) is an alien link.
[Apr 11, 2023 22:19:39] ~ $ [INFO     ] zalando_de/scrape/main.py : The link ( https://en.zalando.de/campaigns/tommy-jeans-x-smiley/ ) is an alien link.
[Apr 11, 2023 22:19:39] ~ $ [INFO     ] zalando_de/scrape/main.py : The link ( https://en.zalando.de/outfits/8MhnPWs7R26/ ) is an alien link.
[Apr 11, 2023 22:19:41] ~ $ [INFO     ] zalando_de/scrape/main.py : Found 85 articles (out of 85) to process [0 were processed in previous pages].

[Apr 11, 2023 22:19:45] ~ $ [INFO     ] zalando_de/scrape/units/article.py : Processing article https://en.zalando.de/urban-classics-shirt-black-ur622d02p-q11.html started.
[Apr 11, 2023 22:19:49] ~ $ [INFO     ] zalando_de/scrape/units/article.py : Processing finished successfully.

[Apr 11, 2023 22:19:55] ~ $ [INFO     ] zalando_de/scrape/units/article.py : Processing article https://en.zalando.de/bondelid-shirt-navy-blazer-box22d001-k11.html started.
[Apr 11, 2023 22:19:59] ~ $ [INFO     ] zalando_de/scrape/units/article.py : Processing finished successfully.

[Apr 11, 2023 22:20:04] ~ $ [INFO     ] zalando_de/scrape/units/article.py : Processing article https://en.zalando.de/denim-culture-jonas-shirt-gruen-dev22d02t-m11.html started.
[Apr 11, 2023 22:20:09] ~ $ [INFO     ] zalando_de/scrape/units/article.py : Processing finished successfully.

[Apr 11, 2023 22:20:15] ~ $ [INFO     ] zalando_de/scrape/units/article.py : Processing article https://en.zalando.de/jack-and-jones-jjejack-slim-fit-shirt-ja222d1jw-q11.html started.
[Apr 11, 2023 22:20:20] ~ $ [INFO     ] zalando_de/scrape/units/article.py : Processing finished successfully.

[Apr 11, 2023 22:20:25] ~ $ [INFO     ] zalando_de/scrape/units/article.py : Processing article https://en.zalando.de/tom-tailor-denim-shirt-original-to722d0eq-k11.html started.
[Apr 11, 2023 22:20:30] ~ $ [INFO     ] zalando_de/scrape/units/article.py : Processing finished successfully.

[Apr 11, 2023 22:20:35] ~ $ [INFO     ] zalando_de/scrape/main.py : 5 out of 85 articles were successfully processed.

[Apr 11, 2023 22:20:35] ~ $ [INFO     ] zalando_de/scrape/main.py : Processing interrupted : It is possible that the internet connection has been lost or that the browser has been closed forcibly

Traceback (most recent call last):
  File "C:\Users\dsicped\Desktop\PS\zalando_de_project\zalando_de\scrape\main.py", line 516, in scrape
    process_func(*args)
  File "C:\Users\dsicped\Desktop\PS\zalando_de_project\zalando_de\scrape\main.py", line 436, in _process
    self._process_page()
  File "C:\Users\dsicped\Desktop\PS\zalando_de_project\zalando_de\scrape\main.py", line 409, in _process_page
    except Exception as e: raise e
  File "C:\Users\dsicped\Desktop\PS\zalando_de_project\zalando_de\scrape\main.py", line 391, in _process_page
    self._save_article(article_id, article_details)
  File "C:\Users\dsicped\Desktop\PS\zalando_de_project\zalando_de\scrape\main.py", line 389, in _process_page
    article_details, article_id = article_scraper.scrape()
  File "C:\Users\dsicped\Desktop\PS\zalando_de_project\zalando_de\scrape\units\article.py", line 226, in scrape
    article_link = self._get_link()
  File "C:\Users\dsicped\Desktop\PS\zalando_de_project\zalando_de\scrape\units\article.py", line 63, in _get_link
    _link = self._sa.driver.current_url
  File "C:\Users\dsicped\Desktop\PS\upw_py_3_8_10\lib\site-packages\selenium\webdriver\remote\webdriver.py", line 530, in current_url
    return self.execute(Command.GET_CURRENT_URL)["value"]
  File "C:\Users\dsicped\Desktop\PS\upw_py_3_8_10\lib\site-packages\selenium\webdriver\remote\webdriver.py", line 440, in execute
    self.error_handler.check_response(response)
  File "C:\Users\dsicped\Desktop\PS\upw_py_3_8_10\lib\site-packages\selenium\webdriver\remote\errorhandler.py", line 245, in check_response
    raise exception_class(message, screen, stacktrace)
selenium.common.exceptions.NoSuchWindowException: Message: no such window: target window already closed
from unknown error: web view not found
  (Session info: chrome=111.0.5563.148)
Stacktrace:
Backtrace:
	(No symbol) [0x00D6DCE3]
	(No symbol) [0x00D039D1]
	(No symbol) [0x00C14DA8]
	(No symbol) [0x00BFD0D3]
	(No symbol) [0x00C5EA8B]
	(No symbol) [0x00C6D093]
	(No symbol) [0x00C5ACC6]
	(No symbol) [0x00C36F68]
	(No symbol) [0x00C380CD]
	GetHandleVerifier [0x00FE3832+2506274]
	GetHandleVerifier [0x01019794+2727300]
	GetHandleVerifier [0x0101E36C+2746716]
	GetHandleVerifier [0x00E16690+617600]
	(No symbol) [0x00D0C712]
	(No symbol) [0x00D11FF8]
	(No symbol) [0x00D120DB]
	(No symbol) [0x00D1C63B]
	BaseThreadInitThunk [0x77386BD9+25]
	RtlGetFullPathName_UEx [0x77DF8FD2+1218]
	RtlGetFullPathName_UEx [0x77DF8F9D+1165]



[Apr 11, 2023 22:20:35] ~ $ [INFO     ] zalando_de/scrape/main.py : Saving processed articles' data ...

[Apr 11, 2023 22:20:35] ~ $ [INFO     ] zalando_de/scrape/main.py : Metadata saved into output_test_temp\data\metadata.json
[Apr 11, 2023 22:20:35] ~ $ [INFO     ] zalando_de/scrape/main.py : Processed articles saved (JSON) into output_test_temp\data\zalando_de_mens_shirts(not_cleaned).json
[Apr 11, 2023 22:20:35] ~ $ [INFO     ] zalando_de/scrape/main.py : Processed articles saved (CSV) into output_test_temp\data\zalando_de_mens_shirts.csv

[Apr 11, 2023 22:20:50] ~ $ [INFO     ] zalando_de/scrape/commun/assistants.py : The browser closed.

============================================================ [ New Session ] ============================================================


[Apr 11, 2023 22:20:51] ~ $ [INFO     ] zalando_de/scrape/main.py : Initiate the scraper object.
[Apr 11, 2023 22:20:51] ~ $ [INFO     ] zalando_de/scrape/main.py : Processed articles read : 5 articles.

[Apr 11, 2023 22:21:02] ~ $ [INFO     ] zalando_de/scrape/main.py : Processing new page =================================================


[Apr 11, 2023 22:21:02] ~ $ [INFO     ] zalando_de/scrape/main.py : Searching page's articles ...

[Apr 11, 2023 22:21:02] ~ $ [INFO     ] zalando_de/scrape/main.py : The link ( https://en.zalando.de/urban-classics-shirt-black-ur622d02p-q11.html ) is already processed.
[Apr 11, 2023 22:21:02] ~ $ [INFO     ] zalando_de/scrape/main.py : The link ( https://en.zalando.de/bondelid-shirt-navy-blazer-box22d001-k11.html ) is already processed.
[Apr 11, 2023 22:21:02] ~ $ [INFO     ] zalando_de/scrape/main.py : The link ( https://en.zalando.de/denim-culture-jonas-shirt-gruen-dev22d02t-m11.html ) is already processed.
[Apr 11, 2023 22:21:02] ~ $ [INFO     ] zalando_de/scrape/main.py : The link ( https://en.zalando.de/jack-and-jones-jjejack-slim-fit-shirt-ja222d1jw-q11.html ) is already processed.
[Apr 11, 2023 22:21:02] ~ $ [INFO     ] zalando_de/scrape/main.py : The link ( https://en.zalando.de/tom-tailor-denim-shirt-original-to722d0eq-k11.html ) is already processed.
[Apr 11, 2023 22:21:02] ~ $ [INFO     ] zalando_de/scrape/main.py : The link ( https://en.zalando.de/outfits/556Mi0f-SxK/ ) is an alien link.
[Apr 11, 2023 22:21:02] ~ $ [INFO     ] zalando_de/scrape/main.py : The link ( https://en.zalando.de/campaigns/gant-icons-ss-23/?_rfl=de ) is an alien link.
[Apr 11, 2023 22:21:02] ~ $ [INFO     ] zalando_de/scrape/main.py : The link ( https://en.zalando.de/outfits/7IUvB_ScTeS/ ) is an alien link.
[Apr 11, 2023 22:21:03] ~ $ [INFO     ] zalando_de/scrape/main.py : The link ( https://en.zalando.de/campaigns/tommy-jeans-x-smiley/ ) is an alien link.
[Apr 11, 2023 22:21:03] ~ $ [INFO     ] zalando_de/scrape/main.py : The link ( https://en.zalando.de/outfits/8MhnPWs7R26/ ) is an alien link.
[Apr 11, 2023 22:21:05] ~ $ [INFO     ] zalando_de/scrape/main.py : Found 80 articles (out of 85) to process [5 were processed in previous pages].

[Apr 11, 2023 22:21:09] ~ $ [INFO     ] zalando_de/scrape/units/article.py : Processing article https://en.zalando.de/redefined-rebel-rrpark-shirt-duck-green-r0622d014-m11.html started.
[Apr 11, 2023 22:21:14] ~ $ [INFO     ] zalando_de/scrape/units/article.py : Processing finished successfully.

[Apr 11, 2023 22:21:20] ~ $ [INFO     ] zalando_de/scrape/units/article.py : Processing article https://en.zalando.de/us-polo-assn-long-sleeve-shirt-white-us222d00e-a11.html started.
[Apr 11, 2023 22:21:24] ~ $ [INFO     ] zalando_de/scrape/units/article.py : Processing finished successfully.

[Apr 11, 2023 22:21:29] ~ $ [INFO     ] zalando_de/scrape/units/article.py : Processing article https://en.zalando.de/us-polo-assn-long-sleeve-shirt-navy-us222d00e-k13.html started.
[Apr 11, 2023 22:21:33] ~ $ [INFO     ] zalando_de/scrape/units/article.py : Processing finished successfully.

[Apr 11, 2023 22:21:39] ~ $ [INFO     ] zalando_de/scrape/units/article.py : Processing article https://en.zalando.de/jack-and-jones-jjejack-slim-fit-shirt-ja222d1jw-k11.html started.
[Apr 11, 2023 22:21:43] ~ $ [INFO     ] zalando_de/scrape/units/article.py : Processing finished successfully.

[Apr 11, 2023 22:21:49] ~ $ [INFO     ] zalando_de/scrape/units/article.py : Processing article https://en.zalando.de/pier-one-formal-shirt-white-pi922da31-a11.html started.
[Apr 11, 2023 22:21:54] ~ $ [INFO     ] zalando_de/scrape/units/article.py : Processing finished successfully.

[Apr 11, 2023 22:21:59] ~ $ [INFO     ] zalando_de/scrape/units/article.py : Processing article https://en.zalando.de/pier-one-shirt-white-pi922d0b0-a11.html started.
[Apr 11, 2023 22:22:05] ~ $ [INFO     ] zalando_de/scrape/units/article.py : Processing finished successfully.

[Apr 11, 2023 22:22:10] ~ $ [INFO     ] zalando_de/scrape/units/article.py : Processing article https://en.zalando.de/pier-one-shirt-blue-pi922da48-k11.html started.
[Apr 11, 2023 22:22:16] ~ $ [INFO     ] zalando_de/scrape/units/article.py : Processing finished successfully.

[Apr 11, 2023 22:22:25] ~ $ [INFO     ] zalando_de/scrape/units/article.py : Processing article https://en.zalando.de/pier-one-shirt-white-pi922da24-a11.html started.

[Apr 11, 2023 22:22:30] ~ $ [WARNING  ] zalando_de/scrape/main.py : Processing skipped : Failed due to TimeoutException

Traceback (most recent call last):
  File "C:\Users\dsicped\Desktop\PS\zalando_de_project\zalando_de\scrape\main.py", line 391, in _process_page
    self._save_article(article_id, article_details)
  File "C:\Users\dsicped\Desktop\PS\zalando_de_project\zalando_de\scrape\main.py", line 389, in _process_page
    article_details, article_id = article_scraper.scrape()
  File "C:\Users\dsicped\Desktop\PS\zalando_de_project\zalando_de\scrape\units\article.py", line 233, in scrape
    article_container = self._get_container()
  File "C:\Users\dsicped\Desktop\PS\zalando_de_project\zalando_de\scrape\units\article.py", line 56, in _get_container
    return self._sa._get_element_by_class('DT5BTM VHXqc_ rceRmQ _4NtqZU mIlIve')
  File "C:\Users\dsicped\Desktop\PS\zalando_de_project\zalando_de\scrape\commun\assistants.py", line 326, in _get_element_by_class
    element = self._get_element(element_locator, parent_element)
  File "C:\Users\dsicped\Desktop\PS\zalando_de_project\zalando_de\scrape\commun\assistants.py", line 312, in _get_element
    self.short_wait.until(ec.presence_of_element_located(element_locator))
  File "C:\Users\dsicped\Desktop\PS\upw_py_3_8_10\lib\site-packages\selenium\webdriver\support\wait.py", line 95, in until
    raise TimeoutException(message, screen, stacktrace)
selenium.common.exceptions.TimeoutException: Message: 
Stacktrace:
Backtrace:
	(No symbol) [0x00D6DCE3]
	(No symbol) [0x00D039D1]
	(No symbol) [0x00C14DA8]
	(No symbol) [0x00C4019F]
	(No symbol) [0x00C403AB]
	(No symbol) [0x00C6EE62]
	(No symbol) [0x00C5AF14]
	(No symbol) [0x00C6D57C]
	(No symbol) [0x00C5ACC6]
	(No symbol) [0x00C36F68]
	(No symbol) [0x00C380CD]
	GetHandleVerifier [0x00FE3832+2506274]
	GetHandleVerifier [0x01019794+2727300]
	GetHandleVerifier [0x0101E36C+2746716]
	GetHandleVerifier [0x00E16690+617600]
	(No symbol) [0x00D0C712]
	(No symbol) [0x00D11FF8]
	(No symbol) [0x00D120DB]
	(No symbol) [0x00D1C63B]
	BaseThreadInitThunk [0x77386BD9+25]
	RtlGetFullPathName_UEx [0x77DF8FD2+1218]
	RtlGetFullPathName_UEx [0x77DF8F9D+1165]



[Apr 11, 2023 22:22:30] ~ $ [INFO     ] zalando_de/scrape/main.py : 7 out of 80 articles were successfully processed.

[Apr 11, 2023 22:22:30] ~ $ [INFO     ] zalando_de/scrape/main.py : Processing interrupted : It is possible that the internet connection has been lost or that the browser has been closed forcibly

Traceback (most recent call last):
  File "C:\Users\dsicped\Desktop\PS\zalando_de_project\zalando_de\scrape\main.py", line 516, in scrape
    process_func(*args)
  File "C:\Users\dsicped\Desktop\PS\zalando_de_project\zalando_de\scrape\main.py", line 436, in _process
    self._process_page()
  File "C:\Users\dsicped\Desktop\PS\zalando_de_project\zalando_de\scrape\main.py", line 409, in _process_page
    except Exception as e: raise e
  File "C:\Users\dsicped\Desktop\PS\zalando_de_project\zalando_de\scrape\main.py", line 387, in _process_page
    with ArticleScraper(self._sa, article) as article_scraper:
  File "C:\Users\dsicped\Desktop\PS\zalando_de_project\zalando_de\scrape\units\article.py", line 32, in __enter__
    self._sa._click_to_new_tab(self._article_element)
  File "C:\Users\dsicped\Desktop\PS\zalando_de_project\zalando_de\scrape\commun\assistants.py", line 206, in _click_to_new_tab
    self._move_mouse_to(element)
  File "C:\Users\dsicped\Desktop\PS\zalando_de_project\zalando_de\scrape\commun\assistants.py", line 182, in _move_mouse_to
    self.sleep_and_scroll(element)
  File "C:\Users\dsicped\Desktop\PS\zalando_de_project\zalando_de\scrape\commun\assistants.py", line 154, in sleep_and_scroll
    scroll_to = scroll_to.location['y']
  File "C:\Users\dsicped\Desktop\PS\upw_py_3_8_10\lib\site-packages\selenium\webdriver\remote\webelement.py", line 294, in location
    old_loc = self._execute(Command.GET_ELEMENT_RECT)["value"]
  File "C:\Users\dsicped\Desktop\PS\upw_py_3_8_10\lib\site-packages\selenium\webdriver\remote\webelement.py", line 403, in _execute
    return self._parent.execute(command, params)
  File "C:\Users\dsicped\Desktop\PS\upw_py_3_8_10\lib\site-packages\selenium\webdriver\remote\webdriver.py", line 440, in execute
    self.error_handler.check_response(response)
  File "C:\Users\dsicped\Desktop\PS\upw_py_3_8_10\lib\site-packages\selenium\webdriver\remote\errorhandler.py", line 245, in check_response
    raise exception_class(message, screen, stacktrace)
selenium.common.exceptions.StaleElementReferenceException: Message: stale element reference: element is not attached to the page document
  (Session info: chrome=111.0.5563.148)
Stacktrace:
Backtrace:
	(No symbol) [0x00D6DCE3]
	(No symbol) [0x00D039D1]
	(No symbol) [0x00C14DA8]
	(No symbol) [0x00C176FB]
	(No symbol) [0x00C175D0]
	(No symbol) [0x00C17850]
	(No symbol) [0x00C3D2AB]
	(No symbol) [0x00C5AECC]
	(No symbol) [0x00C38726]
	(No symbol) [0x00C5B224]
	(No symbol) [0x00C6D57C]
	(No symbol) [0x00C5ACC6]
	(No symbol) [0x00C36F68]
	(No symbol) [0x00C380CD]
	GetHandleVerifier [0x00FE3832+2506274]
	GetHandleVerifier [0x01019794+2727300]
	GetHandleVerifier [0x0101E36C+2746716]
	GetHandleVerifier [0x00E16690+617600]
	(No symbol) [0x00D0C712]
	(No symbol) [0x00D11FF8]
	(No symbol) [0x00D120DB]
	(No symbol) [0x00D1C63B]
	BaseThreadInitThunk [0x77386BD9+25]
	RtlGetFullPathName_UEx [0x77DF8FD2+1218]
	RtlGetFullPathName_UEx [0x77DF8F9D+1165]



[Apr 11, 2023 22:22:30] ~ $ [INFO     ] zalando_de/scrape/main.py : Saving processed articles' data ...

[Apr 11, 2023 22:22:30] ~ $ [INFO     ] zalando_de/scrape/main.py : Metadata saved into output_test_temp\data\metadata.json
[Apr 11, 2023 22:22:30] ~ $ [INFO     ] zalando_de/scrape/main.py : Processed articles saved (JSON) into output_test_temp\data\zalando_de_mens_shirts(not_cleaned).json
[Apr 11, 2023 22:22:30] ~ $ [INFO     ] zalando_de/scrape/main.py : Processed articles saved (CSV) into output_test_temp\data\zalando_de_mens_shirts.csv

[Apr 11, 2023 22:23:03] ~ $ [INFO     ] zalando_de/scrape/commun/assistants.py : The browser closed.

============================================================ [ New Session ] ============================================================


[Apr 11, 2023 22:23:04] ~ $ [INFO     ] zalando_de/scrape/main.py : Initiate the scraper object.
[Apr 11, 2023 22:23:04] ~ $ [INFO     ] zalando_de/scrape/main.py : Processed articles read : 12 articles.

[Apr 11, 2023 22:23:15] ~ $ [INFO     ] zalando_de/scrape/main.py : Processing new page =================================================


[Apr 11, 2023 22:23:15] ~ $ [INFO     ] zalando_de/scrape/main.py : Searching page's articles ...

[Apr 11, 2023 22:23:15] ~ $ [INFO     ] zalando_de/scrape/main.py : The link ( https://en.zalando.de/urban-classics-shirt-black-ur622d02p-q11.html ) is already processed.
[Apr 11, 2023 22:23:15] ~ $ [INFO     ] zalando_de/scrape/main.py : The link ( https://en.zalando.de/bondelid-shirt-navy-blazer-box22d001-k11.html ) is already processed.
[Apr 11, 2023 22:23:15] ~ $ [INFO     ] zalando_de/scrape/main.py : The link ( https://en.zalando.de/denim-culture-jonas-shirt-gruen-dev22d02t-m11.html ) is already processed.
[Apr 11, 2023 22:23:15] ~ $ [INFO     ] zalando_de/scrape/main.py : The link ( https://en.zalando.de/jack-and-jones-jjejack-slim-fit-shirt-ja222d1jw-q11.html ) is already processed.
[Apr 11, 2023 22:23:15] ~ $ [INFO     ] zalando_de/scrape/main.py : The link ( https://en.zalando.de/tom-tailor-denim-shirt-original-to722d0eq-k11.html ) is already processed.
[Apr 11, 2023 22:23:15] ~ $ [INFO     ] zalando_de/scrape/main.py : The link ( https://en.zalando.de/outfits/556Mi0f-SxK/ ) is an alien link.
[Apr 11, 2023 22:23:15] ~ $ [INFO     ] zalando_de/scrape/main.py : The link ( https://en.zalando.de/redefined-rebel-rrpark-shirt-duck-green-r0622d014-m11.html ) is already processed.
[Apr 11, 2023 22:23:15] ~ $ [INFO     ] zalando_de/scrape/main.py : The link ( https://en.zalando.de/us-polo-assn-long-sleeve-shirt-white-us222d00e-a11.html ) is already processed.
[Apr 11, 2023 22:23:15] ~ $ [INFO     ] zalando_de/scrape/main.py : The link ( https://en.zalando.de/us-polo-assn-long-sleeve-shirt-navy-us222d00e-k13.html ) is already processed.
[Apr 11, 2023 22:23:15] ~ $ [INFO     ] zalando_de/scrape/main.py : The link ( https://en.zalando.de/campaigns/gant-icons-ss-23/?_rfl=de ) is an alien link.
[Apr 11, 2023 22:23:15] ~ $ [INFO     ] zalando_de/scrape/main.py : The link ( https://en.zalando.de/jack-and-jones-jjejack-slim-fit-shirt-ja222d1jw-k11.html ) is already processed.
[Apr 11, 2023 22:23:15] ~ $ [INFO     ] zalando_de/scrape/main.py : The link ( https://en.zalando.de/pier-one-formal-shirt-white-pi922da31-a11.html ) is already processed.
[Apr 11, 2023 22:23:15] ~ $ [INFO     ] zalando_de/scrape/main.py : The link ( https://en.zalando.de/pier-one-shirt-white-pi922d0b0-a11.html ) is already processed.
[Apr 11, 2023 22:23:15] ~ $ [INFO     ] zalando_de/scrape/main.py : The link ( https://en.zalando.de/pier-one-shirt-blue-pi922da48-k11.html ) is already processed.
[Apr 11, 2023 22:23:15] ~ $ [INFO     ] zalando_de/scrape/main.py : The link ( https://en.zalando.de/outfits/7IUvB_ScTeS/ ) is an alien link.
[Apr 11, 2023 22:23:15] ~ $ [INFO     ] zalando_de/scrape/main.py : The link ( https://en.zalando.de/campaigns/tommy-jeans-x-smiley/ ) is an alien link.
[Apr 11, 2023 22:23:16] ~ $ [INFO     ] zalando_de/scrape/main.py : The link ( https://en.zalando.de/outfits/8MhnPWs7R26/ ) is an alien link.
[Apr 11, 2023 22:23:17] ~ $ [INFO     ] zalando_de/scrape/main.py : Found 73 articles (out of 85) to process [12 were processed in previous pages].

[Apr 11, 2023 22:23:23] ~ $ [INFO     ] zalando_de/scrape/units/article.py : Processing article https://en.zalando.de/pier-one-shirt-white-pi922da24-a11.html started.
[Apr 11, 2023 22:23:28] ~ $ [INFO     ] zalando_de/scrape/units/article.py : Processing finished successfully.

[Apr 11, 2023 22:23:36] ~ $ [INFO     ] zalando_de/scrape/units/article.py : Processing article https://en.zalando.de/pier-one-slim-fit-formal-shirt-pi922d02w-a11.html started.
[Apr 11, 2023 22:23:41] ~ $ [INFO     ] zalando_de/scrape/units/article.py : Processing finished successfully.

[Apr 11, 2023 22:23:46] ~ $ [INFO     ] zalando_de/scrape/units/article.py : Processing article https://en.zalando.de/tom-tailor-denim-shirt-black-iris-blue-to722d0eq-k12.html started.
[Apr 11, 2023 22:23:52] ~ $ [INFO     ] zalando_de/scrape/units/article.py : Processing finished successfully.

[Apr 11, 2023 22:23:58] ~ $ [INFO     ] zalando_de/scrape/units/article.py : Processing article https://en.zalando.de/street-one-men-shirt-gruen-sfz22d019-m11.html started.
[Apr 11, 2023 22:24:02] ~ $ [INFO     ] zalando_de/scrape/units/article.py : Processing finished successfully.

[Apr 11, 2023 22:24:10] ~ $ [INFO     ] zalando_de/scrape/units/article.py : Processing article https://en.zalando.de/seidensticker-x-slim-slim-fit-formal-shirt-s0r22d000-a11.html started.
[Apr 11, 2023 22:24:15] ~ $ [INFO     ] zalando_de/scrape/units/article.py : Processing finished successfully.

[Apr 11, 2023 22:24:30] ~ $ [WARNING  ] zalando_de/scrape/main.py : Processing skipped : Failed due to TimeoutException

Traceback (most recent call last):
  File "C:\Users\dsicped\Desktop\PS\zalando_de_project\zalando_de\scrape\main.py", line 391, in _process_page
    self._save_article(article_id, article_details)
  File "C:\Users\dsicped\Desktop\PS\zalando_de_project\zalando_de\scrape\main.py", line 389, in _process_page
    article_details, article_id = article_scraper.scrape()
  File "C:\Users\dsicped\Desktop\PS\zalando_de_project\zalando_de\scrape\units\article.py", line 226, in scrape
    article_link = self._get_link()
  File "C:\Users\dsicped\Desktop\PS\zalando_de_project\zalando_de\scrape\units\article.py", line 63, in _get_link
    _link = self._sa.driver.current_url
  File "C:\Users\dsicped\Desktop\PS\upw_py_3_8_10\lib\site-packages\selenium\webdriver\remote\webdriver.py", line 530, in current_url
    return self.execute(Command.GET_CURRENT_URL)["value"]
  File "C:\Users\dsicped\Desktop\PS\upw_py_3_8_10\lib\site-packages\selenium\webdriver\remote\webdriver.py", line 440, in execute
    self.error_handler.check_response(response)
  File "C:\Users\dsicped\Desktop\PS\upw_py_3_8_10\lib\site-packages\selenium\webdriver\remote\errorhandler.py", line 245, in check_response
    raise exception_class(message, screen, stacktrace)
selenium.common.exceptions.TimeoutException: Message: timeout: Timed out receiving message from renderer: 10.000
  (Session info: chrome=111.0.5563.148)
Stacktrace:
Backtrace:
	(No symbol) [0x00D6DCE3]
	(No symbol) [0x00D039D1]
	(No symbol) [0x00C14DA8]
	(No symbol) [0x00C080AF]
	(No symbol) [0x00C07EFC]
	(No symbol) [0x00C06BF6]
	(No symbol) [0x00C0747A]
	(No symbol) [0x00C0FF62]
	(No symbol) [0x00C1A348]
	(No symbol) [0x00C1CD46]
	(No symbol) [0x00C077D3]
	(No symbol) [0x00C1A211]
	(No symbol) [0x00C6D4D7]
	(No symbol) [0x00C5ACC6]
	(No symbol) [0x00C36F68]
	(No symbol) [0x00C380CD]
	GetHandleVerifier [0x00FE3832+2506274]
	GetHandleVerifier [0x01019794+2727300]
	GetHandleVerifier [0x0101E36C+2746716]
	GetHandleVerifier [0x00E16690+617600]
	(No symbol) [0x00D0C712]
	(No symbol) [0x00D11FF8]
	(No symbol) [0x00D120DB]
	(No symbol) [0x00D1C63B]
	BaseThreadInitThunk [0x77386BD9+25]
	RtlGetFullPathName_UEx [0x77DF8FD2+1218]
	RtlGetFullPathName_UEx [0x77DF8F9D+1165]



[Apr 11, 2023 22:24:31] ~ $ [INFO     ] zalando_de/scrape/main.py : 5 out of 73 articles were successfully processed.

[Apr 11, 2023 22:24:31] ~ $ [INFO     ] zalando_de/scrape/main.py : Processing interrupted : It is possible that the internet connection has been lost or that the browser has been closed forcibly

Traceback (most recent call last):
  File "C:\Users\dsicped\Desktop\PS\zalando_de_project\zalando_de\scrape\main.py", line 516, in scrape
    process_func(*args)
  File "C:\Users\dsicped\Desktop\PS\zalando_de_project\zalando_de\scrape\main.py", line 436, in _process
    self._process_page()
  File "C:\Users\dsicped\Desktop\PS\zalando_de_project\zalando_de\scrape\main.py", line 409, in _process_page
    except Exception as e: raise e
  File "C:\Users\dsicped\Desktop\PS\zalando_de_project\zalando_de\scrape\main.py", line 387, in _process_page
    with ArticleScraper(self._sa, article) as article_scraper:
  File "C:\Users\dsicped\Desktop\PS\zalando_de_project\zalando_de\scrape\units\article.py", line 32, in __enter__
    self._sa._click_to_new_tab(self._article_element)
  File "C:\Users\dsicped\Desktop\PS\zalando_de_project\zalando_de\scrape\commun\assistants.py", line 206, in _click_to_new_tab
    self._move_mouse_to(element)
  File "C:\Users\dsicped\Desktop\PS\zalando_de_project\zalando_de\scrape\commun\assistants.py", line 182, in _move_mouse_to
    self.sleep_and_scroll(element)
  File "C:\Users\dsicped\Desktop\PS\zalando_de_project\zalando_de\scrape\commun\assistants.py", line 154, in sleep_and_scroll
    scroll_to = scroll_to.location['y']
  File "C:\Users\dsicped\Desktop\PS\upw_py_3_8_10\lib\site-packages\selenium\webdriver\remote\webelement.py", line 294, in location
    old_loc = self._execute(Command.GET_ELEMENT_RECT)["value"]
  File "C:\Users\dsicped\Desktop\PS\upw_py_3_8_10\lib\site-packages\selenium\webdriver\remote\webelement.py", line 403, in _execute
    return self._parent.execute(command, params)
  File "C:\Users\dsicped\Desktop\PS\upw_py_3_8_10\lib\site-packages\selenium\webdriver\remote\webdriver.py", line 440, in execute
    self.error_handler.check_response(response)
  File "C:\Users\dsicped\Desktop\PS\upw_py_3_8_10\lib\site-packages\selenium\webdriver\remote\errorhandler.py", line 245, in check_response
    raise exception_class(message, screen, stacktrace)
selenium.common.exceptions.StaleElementReferenceException: Message: stale element reference: element is not attached to the page document
  (Session info: chrome=111.0.5563.148)
Stacktrace:
Backtrace:
	(No symbol) [0x00D6DCE3]
	(No symbol) [0x00D039D1]
	(No symbol) [0x00C14DA8]
	(No symbol) [0x00C176FB]
	(No symbol) [0x00C175D0]
	(No symbol) [0x00C17850]
	(No symbol) [0x00C3D2AB]
	(No symbol) [0x00C5AECC]
	(No symbol) [0x00C38726]
	(No symbol) [0x00C5B224]
	(No symbol) [0x00C6D57C]
	(No symbol) [0x00C5ACC6]
	(No symbol) [0x00C36F68]
	(No symbol) [0x00C380CD]
	GetHandleVerifier [0x00FE3832+2506274]
	GetHandleVerifier [0x01019794+2727300]
	GetHandleVerifier [0x0101E36C+2746716]
	GetHandleVerifier [0x00E16690+617600]
	(No symbol) [0x00D0C712]
	(No symbol) [0x00D11FF8]
	(No symbol) [0x00D120DB]
	(No symbol) [0x00D1C63B]
	BaseThreadInitThunk [0x77386BD9+25]
	RtlGetFullPathName_UEx [0x77DF8FD2+1218]
	RtlGetFullPathName_UEx [0x77DF8F9D+1165]



[Apr 11, 2023 22:24:31] ~ $ [INFO     ] zalando_de/scrape/main.py : Saving processed articles' data ...

[Apr 11, 2023 22:24:31] ~ $ [INFO     ] zalando_de/scrape/main.py : Metadata saved into output_test_temp\data\metadata.json
[Apr 11, 2023 22:24:31] ~ $ [INFO     ] zalando_de/scrape/main.py : Processed articles saved (JSON) into output_test_temp\data\zalando_de_mens_shirts(not_cleaned).json
[Apr 11, 2023 22:24:31] ~ $ [INFO     ] zalando_de/scrape/main.py : Processed articles saved (CSV) into output_test_temp\data\zalando_de_mens_shirts.csv

[Apr 11, 2023 22:25:18] ~ $ [INFO     ] zalando_de/scrape/commun/assistants.py : The browser closed.

============================================================ [ New Session ] ============================================================


[Apr 11, 2023 22:25:20] ~ $ [INFO     ] zalando_de/scrape/main.py : Initiate the scraper object.
[Apr 11, 2023 22:25:20] ~ $ [INFO     ] zalando_de/scrape/main.py : Processed articles read : 17 articles.

[Apr 11, 2023 22:25:34] ~ $ [INFO     ] zalando_de/scrape/main.py : Saving processed articles' data ...

[Apr 11, 2023 22:25:34] ~ $ [INFO     ] zalando_de/scrape/main.py : Metadata saved into output_test_temp\data\metadata.json
[Apr 11, 2023 22:25:34] ~ $ [INFO     ] zalando_de/scrape/main.py : Processed articles saved (JSON) into output_test_temp\data\zalando_de_mens_shirts(not_cleaned).json
[Apr 11, 2023 22:25:34] ~ $ [INFO     ] zalando_de/scrape/main.py : Processed articles saved (CSV) into output_test_temp\data\zalando_de_mens_shirts.csv

[Apr 11, 2023 22:25:34] ~ $ [ERROR    ] main.py : Processing Failed with an Error :

Traceback (most recent call last):
  File "main.py", line 95, in run
    scraper.scrape()
  File "C:\Users\dsicped\Desktop\PS\zalando_de_project\zalando_de\scrape\main.py", line 542, in scrape
    raise e
  File "C:\Users\dsicped\Desktop\PS\zalando_de_project\zalando_de\scrape\main.py", line 516, in scrape
    process_func(*args)
  File "C:\Users\dsicped\Desktop\PS\zalando_de_project\zalando_de\scrape\main.py", line 423, in _process
    self._sa.get(self._main_link)
  File "C:\Users\dsicped\Desktop\PS\zalando_de_project\zalando_de\scrape\commun\assistants.py", line 481, in get
    self.driver.get(link)
  File "C:\Users\dsicped\Desktop\PS\upw_py_3_8_10\lib\site-packages\selenium\webdriver\remote\webdriver.py", line 449, in get
    self.execute(Command.GET, {"url": url})
  File "C:\Users\dsicped\Desktop\PS\upw_py_3_8_10\lib\site-packages\selenium\webdriver\remote\webdriver.py", line 440, in execute
    self.error_handler.check_response(response)
  File "C:\Users\dsicped\Desktop\PS\upw_py_3_8_10\lib\site-packages\selenium\webdriver\remote\errorhandler.py", line 245, in check_response
    raise exception_class(message, screen, stacktrace)
selenium.common.exceptions.TimeoutException: Message: timeout: Timed out receiving message from renderer: -0.011
  (Session info: chrome=111.0.5563.148)
Stacktrace:
Backtrace:
	(No symbol) [0x00D6DCE3]
	(No symbol) [0x00D039D1]
	(No symbol) [0x00C14DA8]
	(No symbol) [0x00C080AF]
	(No symbol) [0x00C07EFC]
	(No symbol) [0x00C06BF6]
	(No symbol) [0x00C0747A]
	(No symbol) [0x00C0FF62]
	(No symbol) [0x00C1A348]
	(No symbol) [0x00C1CD46]
	(No symbol) [0x00C077D3]
	(No symbol) [0x00C1A211]
	(No symbol) [0x00C6D4D7]
	(No symbol) [0x00C5ACC6]
	(No symbol) [0x00C36F68]
	(No symbol) [0x00C380CD]
	GetHandleVerifier [0x00FE3832+2506274]
	GetHandleVerifier [0x01019794+2727300]
	GetHandleVerifier [0x0101E36C+2746716]
	GetHandleVerifier [0x00E16690+617600]
	(No symbol) [0x00D0C712]
	(No symbol) [0x00D11FF8]
	(No symbol) [0x00D120DB]
	(No symbol) [0x00D1C63B]
	BaseThreadInitThunk [0x77386BD9+25]
	RtlGetFullPathName_UEx [0x77DF8FD2+1218]
	RtlGetFullPathName_UEx [0x77DF8F9D+1165]



[Apr 11, 2023 22:25:36] ~ $ [INFO     ] zalando_de/scrape/commun/assistants.py : The browser closed.
